[debug] [2022-09-23T12:26:39.181Z] ----------------------------------------------------------------------
[debug] [2022-09-23T12:26:39.185Z] Command:       C:\Program Files\nodejs\node.exe C:\Users\Saviour Andrew\AppData\Roaming\npm\node_modules\firebase-tools\lib\bin\firebase.js init
[debug] [2022-09-23T12:26:39.186Z] CLI Version:   11.10.0
[debug] [2022-09-23T12:26:39.186Z] Platform:      win32
[debug] [2022-09-23T12:26:39.186Z] Node Version:  v16.17.0
[debug] [2022-09-23T12:26:39.187Z] Time:          Fri Sep 23 2022 13:26:39 GMT+0100 (West Africa Standard Time)
[debug] [2022-09-23T12:26:39.187Z] ----------------------------------------------------------------------
[debug] 
[debug] [2022-09-23T12:26:39.200Z] > command requires scopes: ["email","openid","https://www.googleapis.com/auth/cloudplatformprojects.readonly","https://www.googleapis.com/auth/firebase","https://www.googleapis.com/auth/cloud-platform"]
[debug] [2022-09-23T12:26:39.201Z] > authorizing via signed-in user (saviourandrew889@gmail.com)
[info] 
     ######## #### ########  ######## ########     ###     ######  ########
     ##        ##  ##     ## ##       ##     ##  ##   ##  ##       ##
     ######    ##  ########  ######   ########  #########  ######  ######
     ##        ##  ##    ##  ##       ##     ## ##     ##       ## ##
     ##       #### ##     ## ######## ########  ##     ##  ######  ########

You're about to initialize a Firebase project in this directory:

  C:\Users\Saviour Andrew\Desktop\Learning reactJS\movies-app-advance

[info] 
=== Project Setup
[info] 
[info] First, let's associate this project directory with a Firebase project.
[info] You can create multiple project aliases by running firebase use --add, 
[info] but for now we'll just set up a default project.
[info] 
[debug] [2022-09-23T12:26:56.430Z] >>> [apiv2][query] GET https://firebase.googleapis.com/v1beta1/projects pageSize=100
[debug] [2022-09-23T12:26:57.376Z] <<< [apiv2][status] GET https://firebase.googleapis.com/v1beta1/projects 200
[debug] [2022-09-23T12:26:57.377Z] <<< [apiv2][body] GET https://firebase.googleapis.com/v1beta1/projects [omitted]
[info] i  Using project movies-app-advance (movies-app-advance) 
[info] 
=== Hosting Setup
[info] 
[info] Your public directory is the folder (relative to your project directory) that
[info] will contain Hosting assets to be uploaded with firebase deploy. If you
[info] have a build process for your assets, use your build's output directory.
[info] 
[debug] [2022-09-23T12:28:13.415Z] >>> [apiv2][query] GET https://www.gstatic.com/firebasejs/releases.json [none]
[debug] [2022-09-23T12:28:13.790Z] <<< [apiv2][status] GET https://www.gstatic.com/firebasejs/releases.json 200
[debug] [2022-09-23T12:28:13.791Z] <<< [apiv2][body] GET https://www.gstatic.com/firebasejs/releases.json {"current":{"version":"9.10.0","browserURL":"https://www.gstatic.com/firebasejs/9.10.0/firebase.js","packageURL":"https://www.gstatic.com/firebasejs/9.10.0/firebase.tgz"},"live":{"version":"9.10","browserURL":"https://www.gstatic.com/firebasejs/live/9.10/firebase.js","packageURL":"https://www.gstatic.com/firebasejs/live/9.10/firebase.tgz"},"components":{"analytics":"https://www.gstatic.com/firebasejs/9.10.0/firebase-analytics.js","app":"https://www.gstatic.com/firebasejs/9.10.0/firebase-app.js","app-check":"https://www.gstatic.com/firebasejs/9.10.0/firebase-app-check.js","auth":"https://www.gstatic.com/firebasejs/9.10.0/firebase-auth.js","auth/cordova":"https://www.gstatic.com/firebasejs/9.10.0/firebase-auth/cordova.js","auth/react-native":"https://www.gstatic.com/firebasejs/9.10.0/firebase-auth/react-native.js","functions":"https://www.gstatic.com/firebasejs/9.10.0/firebase-functions.js","firestore":"https://www.gstatic.com/firebasejs/9.10.0/firebase-firestore.js","firestore/lite":"https://www.gstatic.com/firebasejs/9.10.0/firebase-firestore/lite.js","installations":"https://www.gstatic.com/firebasejs/9.10.0/firebase-installations.js","storage":"https://www.gstatic.com/firebasejs/9.10.0/firebase-storage.js","performance":"https://www.gstatic.com/firebasejs/9.10.0/firebase-performance.js","remote-config":"https://www.gstatic.com/firebasejs/9.10.0/firebase-remote-config.js","messaging":"https://www.gstatic.com/firebasejs/9.10.0/firebase-messaging.js","messaging/sw":"https://www.gstatic.com/firebasejs/9.10.0/firebase-messaging/sw.js","database":"https://www.gstatic.com/firebasejs/9.10.0/firebase-database.js","firestore.memory":"https://www.gstatic.com/firebasejs/9.10.0/firebase-firestore.memory.js"}}
[info] i  Skipping write of public/index.html 
[info] 
[info] i  Didn't detect a .git folder. Assuming C:\Users\Saviour Andrew\Desktop\Learning reactJS\movies-app-advance is the project root. 
[info] i  Authorizing with GitHub to upload your service account to a GitHub repository's secrets store. 
[info] 
[info] Visit this URL on this device to log in:
[info] https://github.com/login/oauth/authorize?client_id=89cf50f02ac6aaed3484&state=814034564&redirect_uri=http%3A%2F%2Flocalhost%3A9005&scope=read%3Auser%20repo%20public_repo
[info] 
[info] Waiting for authentication...
[debug] [2022-09-23T12:30:11.028Z] >>> [apiv2][query] POST https://github.com/login/oauth/access_token [none]
[debug] [2022-09-23T12:30:11.028Z] >>> [apiv2][body] POST https://github.com/login/oauth/access_token [stream]
[debug] [2022-09-23T12:30:11.833Z] <<< [apiv2][status] POST https://github.com/login/oauth/access_token 200
[debug] [2022-09-23T12:30:11.833Z] <<< [apiv2][body] POST https://github.com/login/oauth/access_token {"access_token":"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","token_type":"bearer","scope":"read:user,repo"}
[debug] [2022-09-23T12:30:11.859Z] >>> [apiv2][query] GET https://api.github.com/user [none]
[debug] [2022-09-23T12:30:12.557Z] <<< [apiv2][status] GET https://api.github.com/user 200
[debug] [2022-09-23T12:30:12.558Z] <<< [apiv2][body] GET https://api.github.com/user {"login":"Savii01","id":97512977,"node_id":"U_kgDOBc_uEQ","avatar_url":"https://avatars.githubusercontent.com/u/97512977?v=4","gravatar_id":"","url":"https://api.github.com/users/Savii01","html_url":"https://github.com/Savii01","followers_url":"https://api.github.com/users/Savii01/followers","following_url":"https://api.github.com/users/Savii01/following{/other_user}","gists_url":"https://api.github.com/users/Savii01/gists{/gist_id}","starred_url":"https://api.github.com/users/Savii01/starred{/owner}{/repo}","subscriptions_url":"https://api.github.com/users/Savii01/subscriptions","organizations_url":"https://api.github.com/users/Savii01/orgs","repos_url":"https://api.github.com/users/Savii01/repos","events_url":"https://api.github.com/users/Savii01/events{/privacy}","received_events_url":"https://api.github.com/users/Savii01/received_events","type":"User","site_admin":false,"name":null,"company":null,"blog":"","location":null,"email":null,"hireable":null,"bio":null,"twitter_username":null,"public_repos":8,"public_gists":0,"followers":0,"following":0,"created_at":"2022-01-11T09:20:42Z","updated_at":"2022-09-23T10:18:49Z","private_gists":0,"total_private_repos":1,"owned_private_repos":1,"disk_usage":78142,"collaborators":0,"two_factor_authentication":false,"plan":{"name":"free","space":976562499,"collaborators":0,"private_repos":10000}}
[info] 
[info] +  Success! Logged into GitHub as Savii01 
[info] 
